<?xml version="1.0" encoding="UTF-8"?>
<!-- Generated by org.testng.reporters.JUnitReportReporter -->
<testsuite skipped="0" hostname="DESKTOP-IUTETS9" name="Com.Test.SecondLargestTest" tests="2" failures="0" timestamp="04 Jun 2019 23:43:49 GMT" time="0.012" errors="0">
  <testcase name="test1" time="0.009" classname="Com.Test.SecondLargestTest"/>
  <testcase name="test2" time="0.003" classname="Com.Test.SecondLargestTest"/>
</testsuite> <!-- Com.Test.SecondLargestTest -->
